[deepfake-detect.com/index.html]
[pagead2.googlesyndication.com/pagead/js/f2411.txt]
[backblue.gif]
[fade.gif]
[index.html]
[client.rum.us-east-1.amazonaws.com/1.2.1/cwr.js]
[deepfake-detect.com/assets/img/favicon.png]
[deepfake-detect.com/assets/img/apple-touch-icon.png]
[deepfake-detect.com/assets/vendor/bootstrap/css/bootstrap.min.css]
[deepfake-detect.com/assets/vendor/icofont/icofont.min.css]
[deepfake-detect.com/assets/vendor/boxicons/css/boxicons.min.css]
[deepfake-detect.com/assets/vendor/owl.carousel/assets/owl.carousel.min.css]
[deepfake-detect.com/assets/vendor/venobox/venobox.css]
[deepfake-detect.com/assets/vendor/aos/aos.css]
[deepfake-detect.com/assets/css/style.css]
[unpkg.com/uppload@2.3.0/dist/uppload.css]
[unpkg.com/uppload@2.3.0/dist/themes/light.css]
[deepfake-detect.com/assets/img/DeepfakeDetection_Facebook.gif]
[deepfake-detect.com/assets/img/gallery/gallery-1.png]
[deepfake-detect.com/assets/img/gallery/gallery-2.png]
[deepfake-detect.com/assets/img/gallery/gallery-3.png]
[deepfake-detect.com/assets/img/gallery/gallery-4.png]
[deepfake-detect.com/assets/img/gallery/gallery-5.png]
[deepfake-detect.com/assets/img/gallery/gallery-6.png]
[deepfake-detect.com/assets/img/gallery/gallery-7.png]
[deepfake-detect.com/assets/img/gallery/gallery-8.png]
[deepfake-detect.com/assets/img/gallery/gallery-9.png]
[deepfake-detect.com/assets/img/gallery/gallery-10.png]
[deepfake-detect.com/assets/img/gallery/gallery-11.png]
[deepfake-detect.com/assets/img/gallery/gallery-12.png]
[deepfake-detect.com/assets/img/results.png]
[deepfake-detect.com/assets/vendor/jquery/jquery.min.js]
[deepfake-detect.com/assets/vendor/bootstrap/js/bootstrap.bundle.min.js]
[deepfake-detect.com/assets/vendor/jquery.easing/jquery.easing.min.js]
[deepfake-detect.com/assets/vendor/php-email-form/validate.js]
[deepfake-detect.com/assets/vendor/owl.carousel/owl.carousel.min.js]
[deepfake-detect.com/assets/vendor/venobox/venobox.min.js]
[deepfake-detect.com/assets/vendor/aos/aos.js]
[deepfake-detect.com/assets/js/main.js]
[deepfake-detect.com/index.html]
[www.googletagmanager.com/gtm5445.html]
[deepfake-detect.com/assets/vendor/bootstrap/css/bootstrap.min.css]
[unpkg.com/uppload@2.3.0/dist/browser.js]
[deepfake-detect.com/assets/vendor/icofont/fonts/icofont.woff2]
[deepfake-detect.com/assets/vendor/icofont/fonts/icofont.woff]
[deepfake-detect.com/assets/vendor/icofont/icofont.min.css]
[deepfake-detect.com/assets/vendor/boxicons/fonts/boxicons.eot]
[deepfake-detect.com/assets/vendor/boxicons/fonts/boxicons.woff2]
[deepfake-detect.com/assets/vendor/boxicons/fonts/boxicons.woff]
[deepfake-detect.com/assets/vendor/boxicons/fonts/boxicons.ttf]
[deepfake-detect.com/assets/vendor/boxicons/css/boxicons.min.css]
[deepfake-detect.com/assets/vendor/owl.carousel/assets/owl.video.play.png]
[deepfake-detect.com/assets/vendor/owl.carousel/assets/owl.carousel.min.css]
[deepfake-detect.com/assets/vendor/venobox/venobox.css]
[deepfake-detect.com/assets/vendor/aos/aos.css]
[deepfake-detect.com/assets/css/style.css]
[unpkg.com/uppload@2.3.0/dist/uppload.css]
[unpkg.com/uppload@2.3.0/dist/themes/light.css]
[deepfake-detect.com/assets/vendor/boxicons/fonts/boxiconsd41d.svg]
[deepfake-detect.com/assets/vendor/boxicons/fonts/boxiconsd41d.svg]
